*** Starting uWSGI 2.0.14 (32bit) on [Thu Feb  9 00:29:12 2017] ***
compiled with version: 4.9.2 on 08 February 2017 18:43:05
os: Linux-4.4.38-v7+ #938 SMP Thu Dec 15 15:22:21 GMT 2016
nodename: raspberrypi
machine: armv7l
clock source: unix
detected number of CPU cores: 4
current working directory: /home/pi/energy-monitoring
detected binary path: /home/pi/miniconda3/bin/uwsgi
!!! no internal routing support, rebuild with pcre support !!!
your processes number limit is 7336
your memory page size is 4096 bytes
detected max file descriptor number: 65536
lock engine: pthread robust mutexes
thunder lock: disabled (you can enable it with --thunder-lock)
uwsgi socket 0 bound to UNIX address pqflask.sock fd 3
Python version: 3.4.3 |Continuum Analytics, Inc.| (default, Aug 21 2015, 00:53:08)  [GCC 4.6.3]
*** Python threads support is disabled. You can enable it with --enable-threads ***
Python main interpreter initialized at 0x16f1210
your server socket listen backlog is limited to 100 connections
your mercy for graceful operations on workers is 60 seconds
mapped 385536 bytes (376 KB) for 5 cores
*** Operational MODE: preforking ***
ImportError: No module named 'wsgi'
unable to load app 0 (mountpoint='') (callable not found or import error)
*** no app loaded. going in full dynamic mode ***
*** uWSGI is running in multiple interpreter mode ***
spawned uWSGI master process (pid: 1836)
spawned uWSGI worker 1 (pid: 1837, cores: 1)
spawned uWSGI worker 2 (pid: 1838, cores: 1)
spawned uWSGI worker 3 (pid: 1839, cores: 1)
spawned uWSGI worker 4 (pid: 1840, cores: 1)
spawned uWSGI worker 5 (pid: 1841, cores: 1)
SIGINT/SIGQUIT received...killing workers...
worker 1 buried after 1 seconds
worker 2 buried after 1 seconds
worker 3 buried after 1 seconds
worker 4 buried after 1 seconds
worker 5 buried after 1 seconds
goodbye to uWSGI.
VACUUM: unix socket pqflask.sock removed.
