*** Starting uWSGI 2.0.14 (32bit) on [Thu Feb  9 03:54:38 2017] ***
compiled with version: 4.9.2 on 08 February 2017 18:43:05
os: Linux-4.4.38-v7+ #938 SMP Thu Dec 15 15:22:21 GMT 2016
nodename: raspberrypi
machine: armv7l
clock source: unix
detected number of CPU cores: 4
current working directory: /home/pqm/energy-monitoring/pqflask
detected binary path: /home/pqm/miniconda3/bin/uwsgi
!!! no internal routing support, rebuild with pcre support !!!
your processes number limit is 7336
your memory page size is 4096 bytes
detected max file descriptor number: 1024
lock engine: pthread robust mutexes
thunder lock: disabled (you can enable it with --thunder-lock)
uwsgi socket 0 bound to UNIX address pqflask.sock fd 3
Python version: 3.4.3 |Continuum Analytics, Inc.| (default, Aug 21 2015, 00:53:08)  [GCC 4.6.3]
*** Python threads support is disabled. You can enable it with --enable-threads ***
Python main interpreter initialized at 0x1a26278
your server socket listen backlog is limited to 100 connections
your mercy for graceful operations on workers is 60 seconds
mapped 385536 bytes (376 KB) for 5 cores
*** Operational MODE: preforking ***
WSGI app 0 (mountpoint='') ready in 4 seconds on interpreter 0x1a26278 pid: 1504 (default app)
*** uWSGI is running in multiple interpreter mode ***
spawned uWSGI master process (pid: 1504)
spawned uWSGI worker 1 (pid: 1513, cores: 1)
spawned uWSGI worker 2 (pid: 1514, cores: 1)
spawned uWSGI worker 3 (pid: 1515, cores: 1)
spawned uWSGI worker 4 (pid: 1516, cores: 1)
spawned uWSGI worker 5 (pid: 1517, cores: 1)
SIGINT/SIGQUIT received...killing workers...
worker 1 buried after 1 seconds
worker 2 buried after 1 seconds
worker 3 buried after 1 seconds
worker 4 buried after 1 seconds
worker 5 buried after 1 seconds
goodbye to uWSGI.
VACUUM: unix socket pqflask.sock removed.
*** Starting uWSGI 2.0.14 (32bit) on [Thu Feb  9 03:55:33 2017] ***
compiled with version: 4.9.2 on 08 February 2017 18:43:05
os: Linux-4.4.38-v7+ #938 SMP Thu Dec 15 15:22:21 GMT 2016
nodename: raspberrypi
machine: armv7l
clock source: unix
detected number of CPU cores: 4
current working directory: /home/pqm/energy-monitoring/pqflask
detected binary path: /home/pqm/miniconda3/bin/uwsgi
!!! no internal routing support, rebuild with pcre support !!!
your processes number limit is 7336
your memory page size is 4096 bytes
detected max file descriptor number: 1024
lock engine: pthread robust mutexes
thunder lock: disabled (you can enable it with --thunder-lock)
uwsgi socket 0 bound to UNIX address pqflask.sock fd 3
Python version: 3.4.3 |Continuum Analytics, Inc.| (default, Aug 21 2015, 00:53:08)  [GCC 4.6.3]
*** Python threads support is disabled. You can enable it with --enable-threads ***
Python main interpreter initialized at 0x18b9278
your server socket listen backlog is limited to 100 connections
your mercy for graceful operations on workers is 60 seconds
mapped 385536 bytes (376 KB) for 5 cores
*** Operational MODE: preforking ***
WSGI app 0 (mountpoint='') ready in 5 seconds on interpreter 0x18b9278 pid: 532 (default app)
*** uWSGI is running in multiple interpreter mode ***
spawned uWSGI master process (pid: 532)
spawned uWSGI worker 1 (pid: 796, cores: 1)
spawned uWSGI worker 2 (pid: 797, cores: 1)
spawned uWSGI worker 3 (pid: 798, cores: 1)
spawned uWSGI worker 4 (pid: 799, cores: 1)
spawned uWSGI worker 5 (pid: 800, cores: 1)
[pid: 796|app: 0|req: 1/1] 127.0.0.1 () {38 vars in 653 bytes} [Thu Feb  9 03:56:22 2017] GET / => generated 11 bytes in 5 msecs (HTTP/1.1 200) 2 headers in 79 bytes (1 switches on core 0)
[pid: 797|app: 0|req: 1/2] 127.0.0.1 () {38 vars in 632 bytes} [Thu Feb  9 03:56:22 2017] GET /favicon.ico => generated 233 bytes in 207 msecs (HTTP/1.1 404) 2 headers in 72 bytes (1 switches on core 0)
[pid: 796|app: 0|req: 2/3] 129.69.176.106 () {38 vars in 676 bytes} [Thu Feb  9 04:10:09 2017] GET / => generated 11 bytes in 3 msecs (HTTP/1.1 200) 2 headers in 79 bytes (1 switches on core 0)
[pid: 799|app: 0|req: 1/4] 129.69.176.106 () {38 vars in 659 bytes} [Thu Feb  9 04:10:09 2017] GET /favicon.ico => generated 233 bytes in 112 msecs (HTTP/1.1 404) 2 headers in 72 bytes (1 switches on core 0)
SIGINT/SIGQUIT received...killing workers...
worker 1 buried after 1 seconds
worker 2 buried after 1 seconds
worker 3 buried after 1 seconds
worker 4 buried after 1 seconds
worker 5 buried after 1 seconds
goodbye to uWSGI.
VACUUM: unix socket pqflask.sock removed.
*** Starting uWSGI 2.0.14 (32bit) on [Thu Feb  9 04:39:52 2017] ***
compiled with version: 4.9.2 on 08 February 2017 18:43:05
os: Linux-4.4.38-v7+ #938 SMP Thu Dec 15 15:22:21 GMT 2016
nodename: raspberrypi
machine: armv7l
clock source: unix
detected number of CPU cores: 4
current working directory: /home/pqm/energy-monitoring/pqflask
detected binary path: /home/pqm/miniconda3/bin/uwsgi
!!! no internal routing support, rebuild with pcre support !!!
your processes number limit is 7336
your memory page size is 4096 bytes
detected max file descriptor number: 1024
lock engine: pthread robust mutexes
thunder lock: disabled (you can enable it with --thunder-lock)
uwsgi socket 0 bound to UNIX address pqflask.sock fd 3
Python version: 3.4.3 |Continuum Analytics, Inc.| (default, Aug 21 2015, 00:53:08)  [GCC 4.6.3]
*** Python threads support is disabled. You can enable it with --enable-threads ***
Python main interpreter initialized at 0x6b9278
your server socket listen backlog is limited to 100 connections
your mercy for graceful operations on workers is 60 seconds
mapped 385536 bytes (376 KB) for 5 cores
*** Operational MODE: preforking ***
WSGI app 0 (mountpoint='') ready in 3 seconds on interpreter 0x6b9278 pid: 3015 (default app)
*** uWSGI is running in multiple interpreter mode ***
spawned uWSGI master process (pid: 3015)
spawned uWSGI worker 1 (pid: 3024, cores: 1)
spawned uWSGI worker 2 (pid: 3025, cores: 1)
spawned uWSGI worker 3 (pid: 3026, cores: 1)
spawned uWSGI worker 4 (pid: 3027, cores: 1)
spawned uWSGI worker 5 (pid: 3028, cores: 1)
[pid: 3026|app: 0|req: 1/1] 129.69.176.106 () {40 vars in 721 bytes} [Thu Feb  9 04:40:03 2017] GET / => generated 11 bytes in 9 msecs (HTTP/1.1 200) 2 headers in 79 bytes (1 switches on core 0)
[pid: 3026|app: 0|req: 2/2] 129.69.176.106 () {40 vars in 721 bytes} [Thu Feb  9 04:40:08 2017] GET / => generated 11 bytes in 3 msecs (HTTP/1.1 200) 2 headers in 79 bytes (1 switches on core 0)
SIGINT/SIGQUIT received...killing workers...
worker 1 buried after 1 seconds
worker 2 buried after 1 seconds
worker 3 buried after 1 seconds
worker 4 buried after 1 seconds
worker 5 buried after 1 seconds
goodbye to uWSGI.
VACUUM: unix socket pqflask.sock removed.
*** Starting uWSGI 2.0.14 (32bit) on [Thu Feb  9 04:40:47 2017] ***
compiled with version: 4.9.2 on 08 February 2017 18:43:05
os: Linux-4.4.38-v7+ #938 SMP Thu Dec 15 15:22:21 GMT 2016
nodename: raspberrypi
machine: armv7l
clock source: unix
detected number of CPU cores: 4
current working directory: /home/pqm/energy-monitoring/pqflask
detected binary path: /home/pqm/miniconda3/bin/uwsgi
!!! no internal routing support, rebuild with pcre support !!!
your processes number limit is 7336
your memory page size is 4096 bytes
detected max file descriptor number: 1024
lock engine: pthread robust mutexes
thunder lock: disabled (you can enable it with --thunder-lock)
uwsgi socket 0 bound to UNIX address pqflask.sock fd 3
Python version: 3.4.3 |Continuum Analytics, Inc.| (default, Aug 21 2015, 00:53:08)  [GCC 4.6.3]
*** Python threads support is disabled. You can enable it with --enable-threads ***
Python main interpreter initialized at 0x89a278
your server socket listen backlog is limited to 100 connections
your mercy for graceful operations on workers is 60 seconds
mapped 385536 bytes (376 KB) for 5 cores
*** Operational MODE: preforking ***
WSGI app 0 (mountpoint='') ready in 3 seconds on interpreter 0x89a278 pid: 3070 (default app)
*** uWSGI is running in multiple interpreter mode ***
spawned uWSGI master process (pid: 3070)
spawned uWSGI worker 1 (pid: 3078, cores: 1)
spawned uWSGI worker 2 (pid: 3079, cores: 1)
spawned uWSGI worker 3 (pid: 3080, cores: 1)
spawned uWSGI worker 4 (pid: 3081, cores: 1)
spawned uWSGI worker 5 (pid: 3082, cores: 1)
[pid: 3080|app: 0|req: 1/1] 129.69.176.106 () {40 vars in 721 bytes} [Thu Feb  9 04:40:52 2017] GET / => generated 233 bytes in 59 msecs (HTTP/1.1 404) 2 headers in 72 bytes (1 switches on core 0)
[pid: 3081|app: 0|req: 1/2] 129.69.176.106 () {38 vars in 710 bytes} [Thu Feb  9 04:41:06 2017] GET /index.html => generated 233 bytes in 90 msecs (HTTP/1.1 404) 2 headers in 72 bytes (1 switches on core 0)
[pid: 3081|app: 0|req: 2/3] 129.69.176.106 () {40 vars in 741 bytes} [Thu Feb  9 04:41:10 2017] GET /index.html => generated 233 bytes in 2 msecs (HTTP/1.1 404) 2 headers in 72 bytes (2 switches on core 0)
SIGINT/SIGQUIT received...killing workers...
worker 1 buried after 1 seconds
worker 2 buried after 1 seconds
worker 3 buried after 1 seconds
worker 4 buried after 1 seconds
worker 5 buried after 1 seconds
goodbye to uWSGI.
VACUUM: unix socket pqflask.sock removed.
*** Starting uWSGI 2.0.14 (32bit) on [Thu Feb  9 04:55:47 2017] ***
compiled with version: 4.9.2 on 08 February 2017 18:43:05
os: Linux-4.4.38-v7+ #938 SMP Thu Dec 15 15:22:21 GMT 2016
nodename: raspberrypi
machine: armv7l
clock source: unix
detected number of CPU cores: 4
current working directory: /home/pqm/energy-monitoring/pqflask
detected binary path: /home/pqm/miniconda3/bin/uwsgi
!!! no internal routing support, rebuild with pcre support !!!
your processes number limit is 7336
your memory page size is 4096 bytes
detected max file descriptor number: 1024
lock engine: pthread robust mutexes
thunder lock: disabled (you can enable it with --thunder-lock)
uwsgi socket 0 bound to UNIX address pqflask.sock fd 3
Python version: 3.4.3 |Continuum Analytics, Inc.| (default, Aug 21 2015, 00:53:08)  [GCC 4.6.3]
*** Python threads support is disabled. You can enable it with --enable-threads ***
Python main interpreter initialized at 0x1ed6278
your server socket listen backlog is limited to 100 connections
your mercy for graceful operations on workers is 60 seconds
mapped 385536 bytes (376 KB) for 5 cores
*** Operational MODE: preforking ***
WSGI app 0 (mountpoint='') ready in 3 seconds on interpreter 0x1ed6278 pid: 3343 (default app)
*** uWSGI is running in multiple interpreter mode ***
spawned uWSGI master process (pid: 3343)
spawned uWSGI worker 1 (pid: 3352, cores: 1)
spawned uWSGI worker 2 (pid: 3353, cores: 1)
spawned uWSGI worker 3 (pid: 3354, cores: 1)
spawned uWSGI worker 4 (pid: 3355, cores: 1)
spawned uWSGI worker 5 (pid: 3356, cores: 1)
[pid: 3354|app: 0|req: 1/1] 129.69.176.106 () {40 vars in 727 bytes} [Thu Feb  9 04:55:53 2017] GET /index.html => generated 233 bytes in 59 msecs (HTTP/1.1 404) 2 headers in 72 bytes (1 switches on core 0)
[pid: 3354|app: 0|req: 2/2] 129.69.176.106 () {38 vars in 676 bytes} [Thu Feb  9 04:55:58 2017] GET / => generated 233 bytes in 4 msecs (HTTP/1.1 404) 2 headers in 72 bytes (1 switches on core 0)
[pid: 3353|app: 0|req: 1/3] 129.69.176.106 () {40 vars in 707 bytes} [Thu Feb  9 04:57:31 2017] GET / => generated 233 bytes in 112 msecs (HTTP/1.1 404) 2 headers in 72 bytes (1 switches on core 0)
[pid: 3352|app: 0|req: 1/4] 129.69.176.106 () {38 vars in 696 bytes} [Thu Feb  9 04:57:40 2017] GET /index.html => generated 233 bytes in 103 msecs (HTTP/1.1 404) 2 headers in 72 bytes (1 switches on core 0)
[pid: 3354|app: 0|req: 3/5] 129.69.176.106 () {38 vars in 690 bytes} [Thu Feb  9 04:59:31 2017] GET / => generated 233 bytes in 4 msecs (HTTP/1.1 404) 2 headers in 72 bytes (1 switches on core 0)
[pid: 3356|app: 0|req: 1/6] 129.69.176.106 () {40 vars in 721 bytes} [Thu Feb  9 04:59:36 2017] GET / => generated 233 bytes in 96 msecs (HTTP/1.1 404) 2 headers in 72 bytes (1 switches on core 0)
[pid: 3355|app: 0|req: 1/7] 129.69.176.106 () {40 vars in 721 bytes} [Thu Feb  9 04:59:37 2017] GET / => generated 233 bytes in 59 msecs (HTTP/1.1 404) 2 headers in 72 bytes (1 switches on core 0)
[pid: 3355|app: 0|req: 2/8] 129.69.176.106 () {40 vars in 721 bytes} [Thu Feb  9 04:59:37 2017] GET / => generated 233 bytes in 2 msecs (HTTP/1.1 404) 2 headers in 72 bytes (1 switches on core 0)
[pid: 3354|app: 0|req: 4/9] 129.69.176.106 () {40 vars in 721 bytes} [Thu Feb  9 04:59:37 2017] GET / => generated 233 bytes in 2 msecs (HTTP/1.1 404) 2 headers in 72 bytes (1 switches on core 0)
[pid: 3354|app: 0|req: 5/10] 129.69.176.106 () {40 vars in 721 bytes} [Thu Feb  9 04:59:38 2017] GET / => generated 233 bytes in 2 msecs (HTTP/1.1 404) 2 headers in 72 bytes (2 switches on core 0)
[pid: 3355|app: 0|req: 3/11] 129.69.176.106 () {38 vars in 710 bytes} [Thu Feb  9 04:59:44 2017] GET /index.html => generated 233 bytes in 4 msecs (HTTP/1.1 404) 2 headers in 72 bytes (1 switches on core 0)
[pid: 3355|app: 0|req: 4/12] 129.69.176.106 () {38 vars in 686 bytes} [Thu Feb  9 05:10:10 2017] GET /flask => generated 233 bytes in 4 msecs (HTTP/1.1 404) 2 headers in 72 bytes (1 switches on core 0)
[pid: 3355|app: 0|req: 5/13] 129.69.176.106 () {42 vars in 776 bytes} [Thu Feb  9 05:11:17 2017] GET / => generated 233 bytes in 4 msecs (HTTP/1.1 404) 2 headers in 72 bytes (1 switches on core 0)
[pid: 3355|app: 0|req: 6/14] 129.69.176.106 () {40 vars in 721 bytes} [Thu Feb  9 05:11:18 2017] GET / => generated 233 bytes in 4 msecs (HTTP/1.1 404) 2 headers in 72 bytes (1 switches on core 0)
[pid: 3355|app: 0|req: 7/15] 129.69.176.106 () {40 vars in 721 bytes} [Thu Feb  9 05:11:18 2017] GET / => generated 233 bytes in 4 msecs (HTTP/1.1 404) 2 headers in 72 bytes (1 switches on core 0)
[pid: 3355|app: 0|req: 8/16] 129.69.176.106 () {40 vars in 721 bytes} [Thu Feb  9 05:11:19 2017] GET / => generated 233 bytes in 4 msecs (HTTP/1.1 404) 2 headers in 72 bytes (1 switches on core 0)
[pid: 3355|app: 0|req: 9/17] 129.69.176.106 () {40 vars in 721 bytes} [Thu Feb  9 05:11:19 2017] GET / => generated 233 bytes in 3 msecs (HTTP/1.1 404) 2 headers in 72 bytes (1 switches on core 0)
[pid: 3354|app: 0|req: 6/18] 129.69.176.106 () {40 vars in 721 bytes} [Thu Feb  9 05:11:19 2017] GET / => generated 233 bytes in 2 msecs (HTTP/1.1 404) 2 headers in 72 bytes (1 switches on core 0)
[pid: 3355|app: 0|req: 10/19] 129.69.176.106 () {40 vars in 721 bytes} [Thu Feb  9 05:11:19 2017] GET / => generated 233 bytes in 2 msecs (HTTP/1.1 404) 2 headers in 72 bytes (1 switches on core 0)
[pid: 3354|app: 0|req: 7/20] 129.69.176.106 () {40 vars in 721 bytes} [Thu Feb  9 05:11:19 2017] GET / => generated 233 bytes in 2 msecs (HTTP/1.1 404) 2 headers in 72 bytes (1 switches on core 0)
[pid: 3354|app: 0|req: 8/21] 129.69.176.106 () {40 vars in 721 bytes} [Thu Feb  9 05:11:20 2017] GET / => generated 233 bytes in 2 msecs (HTTP/1.1 404) 2 headers in 72 bytes (1 switches on core 0)
[pid: 3352|app: 0|req: 2/22] 129.69.176.106 () {40 vars in 721 bytes} [Thu Feb  9 05:11:20 2017] GET / => generated 233 bytes in 2 msecs (HTTP/1.1 404) 2 headers in 72 bytes (1 switches on core 0)
[pid: 3354|app: 0|req: 9/23] 129.69.176.106 () {40 vars in 639 bytes} [Thu Feb  9 06:02:52 2017] GET /flask => generated 233 bytes in 4 msecs (HTTP/1.1 404) 2 headers in 72 bytes (1 switches on core 0)
SIGINT/SIGQUIT received...killing workers...
worker 1 buried after 1 seconds
worker 2 buried after 1 seconds
worker 3 buried after 1 seconds
worker 4 buried after 1 seconds
worker 5 buried after 1 seconds
goodbye to uWSGI.
VACUUM: unix socket pqflask.sock removed.
*** Starting uWSGI 2.0.14 (32bit) on [Thu Feb  9 06:04:00 2017] ***
compiled with version: 4.9.2 on 08 February 2017 18:43:05
os: Linux-4.4.38-v7+ #938 SMP Thu Dec 15 15:22:21 GMT 2016
nodename: raspberrypi
machine: armv7l
clock source: unix
detected number of CPU cores: 4
current working directory: /home/pqm/energy-monitoring/pqflask
detected binary path: /home/pqm/miniconda3/bin/uwsgi
!!! no internal routing support, rebuild with pcre support !!!
your processes number limit is 7336
your memory page size is 4096 bytes
detected max file descriptor number: 1024
lock engine: pthread robust mutexes
thunder lock: disabled (you can enable it with --thunder-lock)
uwsgi socket 0 bound to UNIX address pqflask.sock fd 3
Python version: 3.4.3 |Continuum Analytics, Inc.| (default, Aug 21 2015, 00:53:08)  [GCC 4.6.3]
*** Python threads support is disabled. You can enable it with --enable-threads ***
Python main interpreter initialized at 0x1607278
your server socket listen backlog is limited to 100 connections
your mercy for graceful operations on workers is 60 seconds
mapped 385536 bytes (376 KB) for 5 cores
*** Operational MODE: preforking ***
WSGI app 0 (mountpoint='') ready in 2 seconds on interpreter 0x1607278 pid: 4558 (default app)
*** uWSGI is running in multiple interpreter mode ***
spawned uWSGI master process (pid: 4558)
spawned uWSGI worker 1 (pid: 4567, cores: 1)
spawned uWSGI worker 2 (pid: 4568, cores: 1)
spawned uWSGI worker 3 (pid: 4569, cores: 1)
spawned uWSGI worker 4 (pid: 4570, cores: 1)
spawned uWSGI worker 5 (pid: 4571, cores: 1)
[pid: 4568|app: 0|req: 1/1] 129.69.176.106 () {42 vars in 670 bytes} [Thu Feb  9 06:04:03 2017] GET /flask => generated 11 bytes in 5 msecs (HTTP/1.1 200) 2 headers in 79 bytes (1 switches on core 0)
SIGINT/SIGQUIT received...killing workers...
worker 1 buried after 1 seconds
worker 2 buried after 1 seconds
worker 3 buried after 1 seconds
worker 4 buried after 1 seconds
worker 5 buried after 1 seconds
goodbye to uWSGI.
VACUUM: unix socket pqflask.sock removed.
*** Starting uWSGI 2.0.14 (32bit) on [Thu Feb  9 06:14:13 2017] ***
compiled with version: 4.9.2 on 08 February 2017 18:43:05
os: Linux-4.4.38-v7+ #938 SMP Thu Dec 15 15:22:21 GMT 2016
nodename: raspberrypi
machine: armv7l
clock source: unix
detected number of CPU cores: 4
current working directory: /home/pqm/energy-monitoring/pqflask
detected binary path: /home/pqm/miniconda3/bin/uwsgi
!!! no internal routing support, rebuild with pcre support !!!
your processes number limit is 7336
your memory page size is 4096 bytes
detected max file descriptor number: 1024
lock engine: pthread robust mutexes
thunder lock: disabled (you can enable it with --thunder-lock)
uwsgi socket 0 bound to UNIX address pqflask.sock fd 3
Python version: 3.4.3 |Continuum Analytics, Inc.| (default, Aug 21 2015, 00:53:08)  [GCC 4.6.3]
*** Python threads support is disabled. You can enable it with --enable-threads ***
Python main interpreter initialized at 0xaaf278
your server socket listen backlog is limited to 100 connections
your mercy for graceful operations on workers is 60 seconds
mapped 385536 bytes (376 KB) for 5 cores
*** Operational MODE: preforking ***
WSGI app 0 (mountpoint='') ready in 3 seconds on interpreter 0xaaf278 pid: 4676 (default app)
*** uWSGI is running in multiple interpreter mode ***
spawned uWSGI master process (pid: 4676)
spawned uWSGI worker 1 (pid: 4683, cores: 1)
spawned uWSGI worker 2 (pid: 4684, cores: 1)
spawned uWSGI worker 3 (pid: 4685, cores: 1)
spawned uWSGI worker 4 (pid: 4686, cores: 1)
spawned uWSGI worker 5 (pid: 4687, cores: 1)
SIGINT/SIGQUIT received...killing workers...
worker 1 buried after 1 seconds
worker 2 buried after 1 seconds
worker 3 buried after 1 seconds
worker 4 buried after 1 seconds
worker 5 buried after 1 seconds
goodbye to uWSGI.
VACUUM: unix socket pqflask.sock removed.
*** Starting uWSGI 2.0.14 (32bit) on [Thu Feb  9 06:15:45 2017] ***
compiled with version: 4.9.2 on 08 February 2017 18:43:05
os: Linux-4.4.38-v7+ #938 SMP Thu Dec 15 15:22:21 GMT 2016
nodename: raspberrypi
machine: armv7l
clock source: unix
detected number of CPU cores: 4
current working directory: /home/pqm/energy-monitoring/pqflask
detected binary path: /home/pqm/miniconda3/bin/uwsgi
!!! no internal routing support, rebuild with pcre support !!!
your processes number limit is 7336
your memory page size is 4096 bytes
detected max file descriptor number: 1024
lock engine: pthread robust mutexes
thunder lock: disabled (you can enable it with --thunder-lock)
uwsgi socket 0 bound to UNIX address pqflask.sock fd 3
Python version: 3.4.3 |Continuum Analytics, Inc.| (default, Aug 21 2015, 00:53:08)  [GCC 4.6.3]
*** Python threads support is disabled. You can enable it with --enable-threads ***
Python main interpreter initialized at 0x1d16278
your server socket listen backlog is limited to 100 connections
your mercy for graceful operations on workers is 60 seconds
mapped 385536 bytes (376 KB) for 5 cores
*** Operational MODE: preforking ***
WSGI app 0 (mountpoint='') ready in 3 seconds on interpreter 0x1d16278 pid: 4727 (default app)
*** uWSGI is running in multiple interpreter mode ***
spawned uWSGI master process (pid: 4727)
spawned uWSGI worker 1 (pid: 4735, cores: 1)
spawned uWSGI worker 2 (pid: 4736, cores: 1)
spawned uWSGI worker 3 (pid: 4737, cores: 1)
spawned uWSGI worker 4 (pid: 4738, cores: 1)
spawned uWSGI worker 5 (pid: 4739, cores: 1)
SIGINT/SIGQUIT received...killing workers...
worker 1 buried after 1 seconds
worker 2 buried after 1 seconds
worker 3 buried after 1 seconds
worker 4 buried after 1 seconds
worker 5 buried after 1 seconds
goodbye to uWSGI.
VACUUM: unix socket pqflask.sock removed.
*** Starting uWSGI 2.0.14 (32bit) on [Thu Feb  9 06:22:08 2017] ***
compiled with version: 4.9.2 on 08 February 2017 18:43:05
os: Linux-4.4.38-v7+ #938 SMP Thu Dec 15 15:22:21 GMT 2016
nodename: raspberrypi
machine: armv7l
clock source: unix
detected number of CPU cores: 4
current working directory: /home/pqm/energy-monitoring/pqflask
detected binary path: /home/pqm/miniconda3/bin/uwsgi
!!! no internal routing support, rebuild with pcre support !!!
your processes number limit is 7336
your memory page size is 4096 bytes
detected max file descriptor number: 1024
lock engine: pthread robust mutexes
thunder lock: disabled (you can enable it with --thunder-lock)
uwsgi socket 0 bound to UNIX address pqflask.sock fd 3
Python version: 3.4.3 |Continuum Analytics, Inc.| (default, Aug 21 2015, 00:53:08)  [GCC 4.6.3]
*** Python threads support is disabled. You can enable it with --enable-threads ***
Python main interpreter initialized at 0x1873278
your server socket listen backlog is limited to 100 connections
your mercy for graceful operations on workers is 60 seconds
mapped 385536 bytes (376 KB) for 5 cores
*** Operational MODE: preforking ***
WSGI app 0 (mountpoint='') ready in 3 seconds on interpreter 0x1873278 pid: 4805 (default app)
*** uWSGI is running in multiple interpreter mode ***
spawned uWSGI master process (pid: 4805)
spawned uWSGI worker 1 (pid: 4814, cores: 1)
spawned uWSGI worker 2 (pid: 4815, cores: 1)
spawned uWSGI worker 3 (pid: 4816, cores: 1)
spawned uWSGI worker 4 (pid: 4817, cores: 1)
spawned uWSGI worker 5 (pid: 4818, cores: 1)
SIGINT/SIGQUIT received...killing workers...
worker 1 buried after 1 seconds
worker 2 buried after 1 seconds
worker 3 buried after 1 seconds
worker 4 buried after 1 seconds
worker 5 buried after 1 seconds
goodbye to uWSGI.
VACUUM: unix socket pqflask.sock removed.
*** Starting uWSGI 2.0.14 (32bit) on [Thu Feb  9 06:29:02 2017] ***
compiled with version: 4.9.2 on 08 February 2017 18:43:05
os: Linux-4.4.38-v7+ #938 SMP Thu Dec 15 15:22:21 GMT 2016
nodename: raspberrypi
machine: armv7l
clock source: unix
detected number of CPU cores: 4
current working directory: /home/pqm/energy-monitoring/pqflask
detected binary path: /home/pqm/miniconda3/bin/uwsgi
!!! no internal routing support, rebuild with pcre support !!!
your processes number limit is 7336
your memory page size is 4096 bytes
detected max file descriptor number: 1024
lock engine: pthread robust mutexes
thunder lock: disabled (you can enable it with --thunder-lock)
uwsgi socket 0 bound to UNIX address pqflask.sock fd 3
Python version: 3.4.3 |Continuum Analytics, Inc.| (default, Aug 21 2015, 00:53:08)  [GCC 4.6.3]
*** Python threads support is disabled. You can enable it with --enable-threads ***
Python main interpreter initialized at 0x10a8278
your server socket listen backlog is limited to 100 connections
your mercy for graceful operations on workers is 60 seconds
mapped 385536 bytes (376 KB) for 5 cores
*** Operational MODE: preforking ***
WSGI app 0 (mountpoint='') ready in 2 seconds on interpreter 0x10a8278 pid: 5041 (default app)
*** uWSGI is running in multiple interpreter mode ***
spawned uWSGI master process (pid: 5041)
spawned uWSGI worker 1 (pid: 5049, cores: 1)
spawned uWSGI worker 2 (pid: 5050, cores: 1)
spawned uWSGI worker 3 (pid: 5051, cores: 1)
spawned uWSGI worker 4 (pid: 5052, cores: 1)
spawned uWSGI worker 5 (pid: 5053, cores: 1)
SIGINT/SIGQUIT received...killing workers...
worker 1 buried after 1 seconds
worker 2 buried after 1 seconds
worker 3 buried after 1 seconds
worker 4 buried after 1 seconds
worker 5 buried after 1 seconds
goodbye to uWSGI.
VACUUM: unix socket pqflask.sock removed.
*** Starting uWSGI 2.0.14 (32bit) on [Thu Feb  9 06:41:55 2017] ***
compiled with version: 4.9.2 on 08 February 2017 18:43:05
os: Linux-4.4.38-v7+ #938 SMP Thu Dec 15 15:22:21 GMT 2016
nodename: raspberrypi
machine: armv7l
clock source: unix
detected number of CPU cores: 4
current working directory: /home/pqm/energy-monitoring/pqflask
detected binary path: /home/pqm/miniconda3/bin/uwsgi
!!! no internal routing support, rebuild with pcre support !!!
your processes number limit is 7336
your memory page size is 4096 bytes
detected max file descriptor number: 1024
lock engine: pthread robust mutexes
thunder lock: disabled (you can enable it with --thunder-lock)
uwsgi socket 0 bound to UNIX address pqflask.sock fd 3
Python version: 3.4.3 |Continuum Analytics, Inc.| (default, Aug 21 2015, 00:53:08)  [GCC 4.6.3]
*** Python threads support is disabled. You can enable it with --enable-threads ***
Python main interpreter initialized at 0x1bbf278
your server socket listen backlog is limited to 100 connections
your mercy for graceful operations on workers is 60 seconds
mapped 385536 bytes (376 KB) for 5 cores
*** Operational MODE: preforking ***
WSGI app 0 (mountpoint='') ready in 3 seconds on interpreter 0x1bbf278 pid: 5130 (default app)
*** uWSGI is running in multiple interpreter mode ***
spawned uWSGI master process (pid: 5130)
spawned uWSGI worker 1 (pid: 5162, cores: 1)
spawned uWSGI worker 2 (pid: 5163, cores: 1)
spawned uWSGI worker 3 (pid: 5164, cores: 1)
spawned uWSGI worker 4 (pid: 5165, cores: 1)
spawned uWSGI worker 5 (pid: 5166, cores: 1)
SIGINT/SIGQUIT received...killing workers...
worker 1 buried after 1 seconds
worker 2 buried after 1 seconds
worker 3 buried after 1 seconds
worker 4 buried after 1 seconds
worker 5 buried after 1 seconds
goodbye to uWSGI.
VACUUM: unix socket pqflask.sock removed.
*** Starting uWSGI 2.0.14 (32bit) on [Thu Feb  9 06:43:06 2017] ***
compiled with version: 4.9.2 on 08 February 2017 18:43:05
os: Linux-4.4.38-v7+ #938 SMP Thu Dec 15 15:22:21 GMT 2016
nodename: raspberrypi
machine: armv7l
clock source: unix
detected number of CPU cores: 4
current working directory: /home/pqm/energy-monitoring/pqflask
detected binary path: /home/pqm/miniconda3/bin/uwsgi
!!! no internal routing support, rebuild with pcre support !!!
your processes number limit is 7336
your memory page size is 4096 bytes
detected max file descriptor number: 1024
lock engine: pthread robust mutexes
thunder lock: disabled (you can enable it with --thunder-lock)
uwsgi socket 0 bound to UNIX address pqflask.sock fd 3
Python version: 3.4.3 |Continuum Analytics, Inc.| (default, Aug 21 2015, 00:53:08)  [GCC 4.6.3]
*** Python threads support is disabled. You can enable it with --enable-threads ***
Python main interpreter initialized at 0x10d6278
your server socket listen backlog is limited to 100 connections
your mercy for graceful operations on workers is 60 seconds
mapped 385536 bytes (376 KB) for 5 cores
*** Operational MODE: preforking ***
WSGI app 0 (mountpoint='') ready in 3 seconds on interpreter 0x10d6278 pid: 5182 (default app)
*** uWSGI is running in multiple interpreter mode ***
spawned uWSGI master process (pid: 5182)
spawned uWSGI worker 1 (pid: 5215, cores: 1)
spawned uWSGI worker 2 (pid: 5216, cores: 1)
spawned uWSGI worker 3 (pid: 5217, cores: 1)
spawned uWSGI worker 4 (pid: 5218, cores: 1)
spawned uWSGI worker 5 (pid: 5219, cores: 1)
SIGINT/SIGQUIT received...killing workers...
worker 1 buried after 1 seconds
worker 2 buried after 1 seconds
worker 3 buried after 1 seconds
worker 4 buried after 1 seconds
worker 5 buried after 1 seconds
goodbye to uWSGI.
VACUUM: unix socket pqflask.sock removed.
*** Starting uWSGI 2.0.14 (32bit) on [Thu Feb  9 06:44:49 2017] ***
compiled with version: 4.9.2 on 08 February 2017 18:43:05
os: Linux-4.4.38-v7+ #938 SMP Thu Dec 15 15:22:21 GMT 2016
nodename: raspberrypi
machine: armv7l
clock source: unix
detected number of CPU cores: 4
current working directory: /home/pqm/energy-monitoring/pqflask
detected binary path: /home/pqm/miniconda3/bin/uwsgi
!!! no internal routing support, rebuild with pcre support !!!
your processes number limit is 7336
your memory page size is 4096 bytes
detected max file descriptor number: 1024
lock engine: pthread robust mutexes
thunder lock: disabled (you can enable it with --thunder-lock)
uwsgi socket 0 bound to UNIX address pqflask.sock fd 3
Python version: 3.4.3 |Continuum Analytics, Inc.| (default, Aug 21 2015, 00:53:08)  [GCC 4.6.3]
*** Python threads support is disabled. You can enable it with --enable-threads ***
Python main interpreter initialized at 0x8af278
your server socket listen backlog is limited to 100 connections
your mercy for graceful operations on workers is 60 seconds
mapped 385536 bytes (376 KB) for 5 cores
*** Operational MODE: preforking ***
WSGI app 0 (mountpoint='') ready in 3 seconds on interpreter 0x8af278 pid: 5236 (default app)
*** uWSGI is running in multiple interpreter mode ***
spawned uWSGI master process (pid: 5236)
spawned uWSGI worker 1 (pid: 5272, cores: 1)
spawned uWSGI worker 2 (pid: 5273, cores: 1)
spawned uWSGI worker 3 (pid: 5274, cores: 1)
spawned uWSGI worker 4 (pid: 5275, cores: 1)
spawned uWSGI worker 5 (pid: 5276, cores: 1)
SIGINT/SIGQUIT received...killing workers...
worker 1 buried after 1 seconds
worker 2 buried after 1 seconds
worker 3 buried after 1 seconds
worker 4 buried after 1 seconds
worker 5 buried after 1 seconds
goodbye to uWSGI.
VACUUM: unix socket pqflask.sock removed.
*** Starting uWSGI 2.0.14 (32bit) on [Thu Feb  9 06:45:03 2017] ***
compiled with version: 4.9.2 on 08 February 2017 18:43:05
os: Linux-4.4.38-v7+ #938 SMP Thu Dec 15 15:22:21 GMT 2016
nodename: raspberrypi
machine: armv7l
clock source: unix
detected number of CPU cores: 4
current working directory: /home/pqm/energy-monitoring/pqflask
detected binary path: /home/pqm/miniconda3/bin/uwsgi
!!! no internal routing support, rebuild with pcre support !!!
your processes number limit is 7336
your memory page size is 4096 bytes
detected max file descriptor number: 1024
lock engine: pthread robust mutexes
thunder lock: disabled (you can enable it with --thunder-lock)
uwsgi socket 0 bound to UNIX address pqflask.sock fd 3
Python version: 3.4.3 |Continuum Analytics, Inc.| (default, Aug 21 2015, 00:53:08)  [GCC 4.6.3]
*** Python threads support is disabled. You can enable it with --enable-threads ***
Python main interpreter initialized at 0xf3e278
your server socket listen backlog is limited to 100 connections
your mercy for graceful operations on workers is 60 seconds
mapped 385536 bytes (376 KB) for 5 cores
*** Operational MODE: preforking ***
WSGI app 0 (mountpoint='') ready in 2 seconds on interpreter 0xf3e278 pid: 5287 (default app)
*** uWSGI is running in multiple interpreter mode ***
spawned uWSGI master process (pid: 5287)
spawned uWSGI worker 1 (pid: 5320, cores: 1)
spawned uWSGI worker 2 (pid: 5321, cores: 1)
spawned uWSGI worker 3 (pid: 5322, cores: 1)
spawned uWSGI worker 4 (pid: 5323, cores: 1)
spawned uWSGI worker 5 (pid: 5324, cores: 1)
